#
# There is insufficient memory for the Java Runtime Environment to continue.
# Native memory allocation (malloc) failed to allocate 32744 bytes for ChunkPool::allocate
# Possible reasons:
#   The system is out of physical RAM or swap space
#   In 32 bit mode, the process size limit was hit
# Possible solutions:
#   Reduce memory load on the system
#   Increase physical memory or swap space
#   Check if swap backing store is full
#   Use 64 bit Java on a 64 bit OS
#   Decrease Java heap size (-Xmx/-Xms)
#   Decrease number of Java threads
#   Decrease Java thread stack sizes (-Xss)
#   Set larger code cache with -XX:ReservedCodeCacheSize=
# This output file may be truncated or incomplete.
#
#  Out of Memory Error (allocation.cpp:222), pid=9812, tid=5060
#
# JRE version: 7.0_07-b10
# Java VM: Java HotSpot(TM) 64-Bit Server VM (23.3-b01 mixed mode windows-amd64 compressed oops)
# Failed to write core dump. Minidumps are not enabled by default on client versions of Windows
#

---------------  T H R E A D  ---------------

Current thread (0x0000000013e4a800):  JavaThread "C2 CompilerThread1" daemon [_thread_in_native, id=5060, stack(0x0000000016170000,0x0000000016270000)]

Stack: [0x0000000016170000,0x0000000016270000]

Current CompileTask:
C2: 132524 1417             java.nio.charset.CharsetEncoder::reset (11 bytes)


---------------  P R O C E S S  ---------------

Java Threads: ( => current thread )
  0x0000000018c41800 JavaThread "pool-1-thread-1" [_thread_in_Java, id=4836, stack(0x00000000009d0000,0x0000000000ad0000)]
  0x00000000165a8800 JavaThread "pool-2-thread-4" [_thread_blocked, id=9256, stack(0x0000000017470000,0x0000000017570000)]
  0x0000000016610000 JavaThread "pool-2-thread-3" [_thread_in_Java, id=6328, stack(0x0000000017370000,0x0000000017470000)]
  0x00000000166bc800 JavaThread "pool-2-thread-2" [_thread_in_Java, id=1604, stack(0x0000000017270000,0x0000000017370000)]
  0x0000000016682800 JavaThread "pool-3-thread-1" [_thread_blocked, id=9560, stack(0x0000000017170000,0x0000000017270000)]
  0x00000000168c3800 JavaThread "pool-2-thread-1" [_thread_blocked, id=8312, stack(0x0000000017070000,0x0000000017170000)]
  0x0000000013e4f800 JavaThread "Service Thread" daemon [_thread_blocked, id=9648, stack(0x0000000016270000,0x0000000016370000)]
=>0x0000000013e4a800 JavaThread "C2 CompilerThread1" daemon [_thread_in_native, id=5060, stack(0x0000000016170000,0x0000000016270000)]
  0x0000000013e48800 JavaThread "C2 CompilerThread0" daemon [_thread_blocked, id=4516, stack(0x0000000016070000,0x0000000016170000)]
  0x0000000013e47800 JavaThread "Attach Listener" daemon [_thread_blocked, id=5688, stack(0x0000000015f70000,0x0000000016070000)]
  0x0000000013e42800 JavaThread "Signal Dispatcher" daemon [_thread_blocked, id=5040, stack(0x0000000015e70000,0x0000000015f70000)]
  0x0000000013ddf000 JavaThread "Finalizer" daemon [_thread_blocked, id=7792, stack(0x0000000015d70000,0x0000000015e70000)]
  0x0000000013dd8000 JavaThread "Reference Handler" daemon [_thread_blocked, id=6764, stack(0x0000000015c70000,0x0000000015d70000)]
  0x0000000002670800 JavaThread "main" [_thread_in_native, id=9516, stack(0x0000000002570000,0x0000000002670000)]

Other Threads:
  0x0000000013dd2800 VMThread [stack: 0x0000000015b70000,0x0000000015c70000] [id=9184]
  0x0000000013e67800 WatcherThread [stack: 0x0000000016370000,0x0000000016470000] [id=7556]

VM state:not at safepoint (normal execution)

VM Mutex/Monitor currently owned by a thread: None

Heap
 PSYoungGen      total 730560K, used 297161K [0x0000000795560000, 0x00000007dbb20000, 0x0000000800000000)
  eden space 490688K, 60% used [0x0000000795560000,0x00000007a7792598,0x00000007b3490000)
  from space 239872K, 0% used [0x00000007b3490000,0x00000007b3490000,0x00000007c1ed0000)
  to   space 292544K, 0% used [0x00000007c9d70000,0x00000007c9d70000,0x00000007dbb20000)
 ParOldGen       total 745664K, used 745661K [0x00000006c0000000, 0x00000006ed830000, 0x0000000795560000)
  object space 745664K, 99% used [0x00000006c0000000,0x00000006ed82f4f8,0x00000006ed830000)
 PSPermGen       total 21248K, used 6411K [0x00000006bae00000, 0x00000006bc2c0000, 0x00000006c0000000)
  object space 21248K, 30% used [0x00000006bae00000,0x00000006bb442d60,0x00000006bc2c0000)

Card table byte_map: [0x0000000005830000,0x0000000006260000] byte_map_base: 0x0000000002259000

Polling page: 0x0000000000c90000

Code Cache  [0x0000000002770000, 0x0000000002c20000, 0x0000000005770000)
 total_blobs=1629 nmethods=1394 adapters=186 free_code_cache=44455Kb largest_free_block=45455424

Compilation events (10 events):
Event: 121.078 Thread 0x0000000013e48800 nmethod 1415 0x0000000002c0d410 code [0x0000000002c0d560, 0x0000000002c0d768]
Event: 121.110 Thread 0x0000000013e4a800   25 %           com.android.dx.ssa.SCCP::replaceConstants @ 2 (209 bytes)
Event: 121.243 Thread 0x0000000013e4a800 nmethod 25% 0x0000000002c10ed0 code [0x0000000002c11140, 0x0000000002c11fd0]
Event: 121.243 Thread 0x0000000013e48800 1416             com.android.dx.ssa.SCCP::replaceConstants (209 bytes)
Event: 121.474 Thread 0x0000000013e48800 nmethod 1416 0x0000000002c13c10 code [0x0000000002c13e80, 0x0000000002c14cb0]
Event: 132.456 Thread 0x0000000013e4a800 1417             java.nio.charset.CharsetEncoder::reset (11 bytes)
Event: 132.456 Thread 0x0000000013e48800 1418             java.nio.charset.CharsetEncoder::implReset (1 bytes)
Event: 132.458 Thread 0x0000000013e48800 nmethod 1418 0x0000000002c0d210 code [0x0000000002c0d340, 0x0000000002c0d398]
Event: 132.460 Thread 0x0000000013e48800 1419             java.nio.charset.CharsetEncoder::maxBytesPerChar (5 bytes)
Event: 132.461 Thread 0x0000000013e48800 nmethod 1419 0x0000000002c0d010 code [0x0000000002c0d140, 0x0000000002c0d198]

GC Heap History (10 events):
Event: 88.412 GC heap before
{Heap before GC invocations=26 (full 5):
 PSYoungGen      total 698688K, used 693385K [0x0000000795560000, 0x00000007d2bb0000, 0x0000000800000000)
  eden space 490688K, 100% used [0x0000000795560000,0x00000007b3490000,0x00000007b3490000)
  from space 208000K, 97% used [0x00000007c1ed0000,0x00000007ce4c2790,0x00000007ce9f0000)
  to   space 239872K, 0% used [0x00000007b3490000,0x00000007b3490000,0x00000007c1ed0000)
 ParOldGen       total 745664K, used 439017K [0x00000006c0000000, 0x00000006ed830000, 0x0000000795560000)
  object space 745664K, 58% used [0x00000006c0000000,0x00000006dacba698,0x00000006ed830000)
 PSPermGen       total 21248K, used 6312K [0x00000006bae00000, 0x00000006bc2c0000, 0x00000006c0000000)
  object space 21248K, 29% used [0x00000006bae00000,0x00000006bb42a1c0,0x00000006bc2c0000)
Event: 89.828 GC heap after
Heap after GC invocations=26 (full 5):
 PSYoungGen      total 730560K, used 239843K [0x0000000795560000, 0x00000007dbb20000, 0x0000000800000000)
  eden space 490688K, 0% used [0x0000000795560000,0x0000000795560000,0x00000007b3490000)
  from space 239872K, 99% used [0x00000007b3490000,0x00000007c1ec8c78,0x00000007c1ed0000)
  to   space 292544K, 0% used [0x00000007c9d70000,0x00000007c9d70000,0x00000007dbb20000)
 ParOldGen       total 745664K, used 475341K [0x00000006c0000000, 0x00000006ed830000, 0x0000000795560000)
  object space 745664K, 63% used [0x00000006c0000000,0x00000006dd0335d0,0x00000006ed830000)
 PSPermGen       total 21248K, used 6312K [0x00000006bae00000, 0x00000006bc2c0000, 0x00000006c0000000)
  object space 21248K, 29% used [0x00000006bae00000,0x00000006bb42a1c0,0x00000006bc2c0000)
}
Event: 92.970 GC heap before
{Heap before GC invocations=27 (full 5):
 PSYoungGen      total 730560K, used 730531K [0x0000000795560000, 0x00000007dbb20000, 0x0000000800000000)
  eden space 490688K, 100% used [0x0000000795560000,0x00000007b3490000,0x00000007b3490000)
  from space 239872K, 99% used [0x00000007b3490000,0x00000007c1ec8c78,0x00000007c1ed0000)
  to   space 292544K, 0% used [0x00000007c9d70000,0x00000007c9d70000,0x00000007dbb20000)
 ParOldGen       total 745664K, used 475341K [0x00000006c0000000, 0x00000006ed830000, 0x0000000795560000)
  object space 745664K, 63% used [0x00000006c0000000,0x00000006dd0335d0,0x00000006ed830000)
 PSPermGen       total 21248K, used 6314K [0x00000006bae00000, 0x00000006bc2c0000, 0x00000006c0000000)
  object space 21248K, 29% used [0x00000006bae00000,0x00000006bb42a9b8,0x00000006bc2c0000)
Event: 95.798 GC heap after
Heap after GC invocations=27 (full 5):
 PSYoungGen      total 783232K, used 266244K [0x0000000795560000, 0x00000007dbb20000, 0x0000000800000000)
  eden space 490688K, 0% used [0x0000000795560000,0x0000000795560000,0x00000007b3490000)
  from space 292544K, 91% used [0x00000007c9d70000,0x00000007da171310,0x00000007dbb20000)
  to   space 239872K, 0% used [0x00000007b3490000,0x00000007b3490000,0x00000007c1ed0000)
 ParOldGen       total 745664K, used 520649K [0x00000006c0000000, 0x00000006ed830000, 0x0000000795560000)
  object space 745664K, 69% used [0x00000006c0000000,0x00000006dfc725c0,0x00000006ed830000)
 PSPermGen       total 21248K, used 6314K [0x00000006bae00000, 0x00000006bc2c0000, 0x00000006c0000000)
  object space 21248K, 29% used [0x00000006bae00000,0x00000006bb42a9b8,0x00000006bc2c0000)
}
Event: 100.779 GC heap before
{Heap before GC invocations=28 (full 5):
 PSYoungGen      total 783232K, used 756932K [0x0000000795560000, 0x00000007dbb20000, 0x0000000800000000)
  eden space 490688K, 100% used [0x0000000795560000,0x00000007b3490000,0x00000007b3490000)
  from space 292544K, 91% used [0x00000007c9d70000,0x00000007da171310,0x00000007dbb20000)
  to   space 239872K, 0% used [0x00000007b3490000,0x00000007b3490000,0x00000007c1ed0000)
 ParOldGen       total 745664K, used 520649K [0x00000006c0000000, 0x00000006ed830000, 0x0000000795560000)
  object space 745664K, 69% used [0x00000006c0000000,0x00000006dfc725c0,0x00000006ed830000)
 PSPermGen       total 21248K, used 6369K [0x00000006bae00000, 0x00000006bc2c0000, 0x00000006c0000000)
  object space 21248K, 29% used [0x00000006bae00000,0x00000006bb4387c0,0x00000006bc2c0000)
Event: 102.440 GC heap after
Heap after GC invocations=28 (full 5):
 PSYoungGen      total 730560K, used 239852K [0x0000000795560000, 0x00000007dbb20000, 0x0000000800000000)
  eden space 490688K, 0% used [0x0000000795560000,0x0000000795560000,0x00000007b3490000)
  from space 239872K, 99% used [0x00000007b3490000,0x00000007c1ecb2a0,0x00000007c1ed0000)
  to   space 292544K, 0% used [0x00000007c9d70000,0x00000007c9d70000,0x00000007dbb20000)
 ParOldGen       total 745664K, used 623131K [0x00000006c0000000, 0x00000006ed830000, 0x0000000795560000)
  object space 745664K, 83% used [0x00000006c0000000,0x00000006e6086db8,0x00000006ed830000)
 PSPermGen       total 21248K, used 6369K [0x00000006bae00000, 0x00000006bc2c0000, 0x00000006c0000000)
  object space 21248K, 29% used [0x00000006bae00000,0x00000006bb4387c0,0x00000006bc2c0000)
}
Event: 102.440 GC heap before
{Heap before GC invocations=29 (full 6):
 PSYoungGen      total 730560K, used 239852K [0x0000000795560000, 0x00000007dbb20000, 0x0000000800000000)
  eden space 490688K, 0% used [0x0000000795560000,0x0000000795560000,0x00000007b3490000)
  from space 239872K, 99% used [0x00000007b3490000,0x00000007c1ecb2a0,0x00000007c1ed0000)
  to   space 292544K, 0% used [0x00000007c9d70000,0x00000007c9d70000,0x00000007dbb20000)
 ParOldGen       total 745664K, used 623131K [0x00000006c0000000, 0x00000006ed830000, 0x0000000795560000)
  object space 745664K, 83% used [0x00000006c0000000,0x00000006e6086db8,0x00000006ed830000)
 PSPermGen       total 21248K, used 6369K [0x00000006bae00000, 0x00000006bc2c0000, 0x00000006c0000000)
  object space 21248K, 29% used [0x00000006bae00000,0x00000006bb4387c0,0x00000006bc2c0000)
Event: 118.016 GC heap after
Heap after GC invocations=29 (full 6):
 PSYoungGen      total 730560K, used 108120K [0x0000000795560000, 0x00000007dbb20000, 0x0000000800000000)
  eden space 490688K, 0% used [0x0000000795560000,0x0000000795560000,0x00000007b3490000)
  from space 239872K, 45% used [0x00000007b3490000,0x00000007b9e261f8,0x00000007c1ed0000)
  to   space 292544K, 0% used [0x00000007c9d70000,0x00000007c9d70000,0x00000007dbb20000)
 ParOldGen       total 745664K, used 745660K [0x00000006c0000000, 0x00000006ed830000, 0x0000000795560000)
  object space 745664K, 99% used [0x00000006c0000000,0x00000006ed82f278,0x00000006ed830000)
 PSPermGen       total 21248K, used 6369K [0x00000006bae00000, 0x00000006bc2c0000, 0x00000006c0000000)
  object space 21248K, 29% used [0x00000006bae00000,0x00000006bb438690,0x00000006bc2c0000)
}
Event: 121.627 GC heap before
{Heap before GC invocations=30 (full 7):
 PSYoungGen      total 730560K, used 598808K [0x0000000795560000, 0x00000007dbb20000, 0x0000000800000000)
  eden space 490688K, 100% used [0x0000000795560000,0x00000007b3490000,0x00000007b3490000)
  from space 239872K, 45% used [0x00000007b3490000,0x00000007b9e261f8,0x00000007c1ed0000)
  to   space 292544K, 0% used [0x00000007c9d70000,0x00000007c9d70000,0x00000007dbb20000)
 ParOldGen       total 745664K, used 745660K [0x00000006c0000000, 0x00000006ed830000, 0x0000000795560000)
  object space 745664K, 99% used [0x00000006c0000000,0x00000006ed82f278,0x00000006ed830000)
 PSPermGen       total 21248K, used 6411K [0x00000006bae00000, 0x00000006bc2c0000, 0x00000006c0000000)
  object space 21248K, 30% used [0x00000006bae00000,0x00000006bb442d48,0x00000006bc2c0000)
Event: 131.593 GC heap after
Heap after GC invocations=30 (full 7):
 PSYoungGen      total 730560K, used 173801K [0x0000000795560000, 0x00000007dbb20000, 0x0000000800000000)
  eden space 490688K, 35% used [0x0000000795560000,0x000000079ff1a610,0x00000007b3490000)
  from space 239872K, 0% used [0x00000007b3490000,0x00000007b3490000,0x00000007c1ed0000)
  to   space 292544K, 0% used [0x00000007c9d70000,0x00000007c9d70000,0x00000007dbb20000)
 ParOldGen       total 745664K, used 745661K [0x00000006c0000000, 0x00000006ed830000, 0x0000000795560000)
  object space 745664K, 99% used [0x00000006c0000000,0x00000006ed82f4f8,0x00000006ed830000)
 PSPermGen       total 21248K, used 6411K [0x00000006bae00000, 0x00000006bc2c0000, 0x00000006c0000000)
  object space 21248K, 30% used [0x00000006bae00000,0x00000006bb442c88,0x00000006bc2c0000)
}

Deoptimization events (10 events):
Event: 118.941 Thread 0x0000000018c41800 Uncommon trap -58 fr.pc 0x0000000002bb1914
Event: 119.481 Thread 0x0000000018c41800 Uncommon trap -83 fr.pc 0x0000000002abca78
Event: 119.538 Thread 0x0000000018c41800 Uncommon trap -83 fr.pc 0x0000000002c026dc
Event: 119.538 Thread 0x0000000018c41800 Uncommon trap -83 fr.pc 0x0000000002bb6454
Event: 119.572 Thread 0x0000000018c41800 Uncommon trap -83 fr.pc 0x0000000002bf9fcc
Event: 119.635 Thread 0x0000000018c41800 Uncommon trap -58 fr.pc 0x0000000002bb1914
Event: 119.698 Thread 0x0000000018c41800 Uncommon trap -58 fr.pc 0x0000000002bb1914
Event: 119.700 Thread 0x0000000018c41800 Uncommon trap -83 fr.pc 0x0000000002bf6cdc
Event: 119.803 Thread 0x0000000018c41800 Uncommon trap -58 fr.pc 0x0000000002bb1914
Event: 121.105 Thread 0x00000000166bc800 Uncommon trap -34 fr.pc 0x000000000297cde8

Internal exceptions (10 events):
Event: 34.287 Thread 0x0000000002670800 Threw 0x00000007a6ca99e8 at C:\jdk7u1_64p\jdk7u7\hotspot\src\share\vm\prims\jvm.cpp:1166
Event: 34.306 Thread 0x0000000002670800 Implicit null exception at 0x00000000027ebb63 to 0x00000000027ec66d
Event: 40.505 Thread 0x0000000016610000 Implicit null exception at 0x0000000002a6646c to 0x0000000002a6648e
Event: 56.757 Thread 0x0000000002670800 Threw 0x0000000795a09638 at C:\jdk7u1_64p\jdk7u7\hotspot\src\share\vm\prims\jvm.cpp:1166
Event: 56.774 Thread 0x0000000002670800 Threw 0x0000000795ae8988 at C:\jdk7u1_64p\jdk7u7\hotspot\src\share\vm\prims\jvm.cpp:1166
Event: 76.092 Thread 0x00000000166bc800 Implicit null exception at 0x000000000299de0c to 0x000000000299df0a
Event: 78.885 Thread 0x0000000002670800 Implicit null exception at 0x0000000002bab7f4 to 0x0000000002bab8ad
Event: 99.695 Thread 0x0000000002670800 Threw 0x00000007a7bf2c50 at C:\jdk7u1_64p\jdk7u7\hotspot\src\share\vm\prims\jvm.cpp:1166
Event: 100.161 Thread 0x0000000018c41800 Threw 0x00000007a84f1c70 at C:\jdk7u1_64p\jdk7u7\hotspot\src\share\vm\prims\jvm.cpp:1166
Event: 119.578 Thread 0x0000000018c41800 Threw 0x0000000797862040 at C:\jdk7u1_64p\jdk7u7\hotspot\src\share\vm\prims\jvm.cpp:1166

Events (10 events):
Event: 119.698 Thread 0x0000000018c41800 DEOPT PACKING pc=0x0000000002bb1914 sp=0x0000000000acef20
Event: 119.698 Thread 0x0000000018c41800 DEOPT UNPACKING pc=0x00000000027a9164 sp=0x0000000000aceee0 mode 2
Event: 119.700 Thread 0x0000000018c41800 DEOPT PACKING pc=0x0000000002bf6cdc sp=0x0000000000aceda0
Event: 119.700 Thread 0x0000000018c41800 DEOPT UNPACKING pc=0x00000000027a9164 sp=0x0000000000acecb8 mode 2
Event: 119.803 Thread 0x0000000018c41800 DEOPT PACKING pc=0x0000000002bb1914 sp=0x0000000000acef20
Event: 119.803 Thread 0x0000000018c41800 DEOPT UNPACKING pc=0x00000000027a9164 sp=0x0000000000aceee0 mode 2
Event: 121.105 Thread 0x00000000166bc800 DEOPT PACKING pc=0x000000000297cde8 sp=0x000000001736efb0
Event: 121.105 Thread 0x00000000166bc800 DEOPT UNPACKING pc=0x00000000027a9164 sp=0x000000001736ef18 mode 2
Event: 121.627 Executing VM operation: ParallelGCFailedAllocation
Event: 131.607 Executing VM operation: ParallelGCFailedAllocation done


Dynamic libraries:
0x00007ff7526b0000 - 0x00007ff7526e3000 	C:\Program Files\Java\jdk1.7.0_07\bin\java.exe
0x00007ffedc8a0000 - 0x00007ffedca62000 	C:\WINDOWS\SYSTEM32\ntdll.dll
0x00007ffeda020000 - 0x00007ffeda0cd000 	C:\WINDOWS\system32\KERNEL32.DLL
0x00007ffed9a80000 - 0x00007ffed9c5d000 	C:\WINDOWS\system32\KERNELBASE.dll
0x00007ffeda3f0000 - 0x00007ffeda496000 	C:\WINDOWS\system32\ADVAPI32.dll
0x00007ffeda340000 - 0x00007ffeda3dd000 	C:\WINDOWS\system32\msvcrt.dll
0x00007ffed9f30000 - 0x00007ffed9f8b000 	C:\WINDOWS\system32\sechost.dll
0x00007ffedaaf0000 - 0x00007ffedac16000 	C:\WINDOWS\system32\RPCRT4.dll
0x00007ffeda7d0000 - 0x00007ffeda91e000 	C:\WINDOWS\system32\USER32.dll
0x00007ffeda0d0000 - 0x00007ffeda256000 	C:\WINDOWS\system32\GDI32.dll
0x00007ffec6110000 - 0x00007ffec6384000 	C:\WINDOWS\WinSxS\amd64_microsoft.windows.common-controls_6595b64144ccf1df_6.0.10240.16384_none_f41f7b285750ef43\COMCTL32.dll
0x00007ffedb1a0000 - 0x00007ffedb1d6000 	C:\WINDOWS\system32\IMM32.DLL
0x00007ffedb040000 - 0x00007ffedb19c000 	C:\WINDOWS\system32\MSCTF.dll
0x00000000547e0000 - 0x00000000548b1000 	C:\Program Files\Java\jdk1.7.0_07\jre\bin\msvcr100.dll
0x0000000054bc0000 - 0x00000000552df000 	C:\Program Files\Java\jdk1.7.0_07\jre\bin\server\jvm.dll
0x00007ffedace0000 - 0x00007ffedace8000 	C:\WINDOWS\system32\PSAPI.DLL
0x00007ffed7500000 - 0x00007ffed7523000 	C:\WINDOWS\SYSTEM32\WINMM.dll
0x00007ffece0b0000 - 0x00007ffece0b9000 	C:\WINDOWS\SYSTEM32\WSOCK32.dll
0x00007ffeda260000 - 0x00007ffeda2c9000 	C:\WINDOWS\system32\WS2_32.dll
0x00007ffeda330000 - 0x00007ffeda338000 	C:\WINDOWS\system32\NSI.dll
0x0000000000c60000 - 0x0000000000c8c000 	C:\WINDOWS\SYSTEM32\WINMMBASE.dll
0x00007ffed9ee0000 - 0x00007ffed9f24000 	C:\WINDOWS\system32\cfgmgr32.dll
0x00007ffed7c00000 - 0x00007ffed7c27000 	C:\WINDOWS\SYSTEM32\DEVOBJ.dll
0x00000000560a0000 - 0x00000000560af000 	C:\Program Files\Java\jdk1.7.0_07\jre\bin\verify.dll
0x0000000056070000 - 0x0000000056098000 	C:\Program Files\Java\jdk1.7.0_07\jre\bin\java.dll
0x0000000056050000 - 0x0000000056065000 	C:\Program Files\Java\jdk1.7.0_07\jre\bin\zip.dll
0x0000000056030000 - 0x0000000056049000 	C:\Program Files\Java\jdk1.7.0_07\jre\bin\net.dll
0x00007ffed8ab0000 - 0x00007ffed8b0d000 	C:\WINDOWS\system32\mswsock.dll
0x0000000056010000 - 0x0000000056021000 	C:\Program Files\Java\jdk1.7.0_07\jre\bin\nio.dll

VM Arguments:
jvm_args: -Djava.awt.headless=true -Xmx5g -Dfile.encoding=UTF-8 -Duser.country=GB -Duser.language=en -Duser.variant 
java_command: com.android.dx.command.Main --dex --num-threads=4 --multi-dex --main-dex-list C:\Users\DSTYO\Documents\Project\ResysBNI\app\build\intermediates\multi-dex\debug\maindexlist.txt --output C:\Users\DSTYO\Documents\Project\ResysBNI\app\build\intermediates\transforms\dex\debug\folders\1000\1f\main C:\Users\DSTYO\Documents\Project\ResysBNI\app\build\intermediates\transforms\jarMerging\debug\jars\1\1f\combined.jar
Launcher Type: SUN_STANDARD

Environment Variables:
PATH=C:\WINDOWS\system32;C:\WINDOWS;C:\WINDOWS\System32\Wbem;C:\WINDOWS\System32\WindowsPowerShell\v1.0\;C:\Program Files (x86)\AMD\ATI.ACE\Core-Static;C:\Program Files (x86)\ATI Technologies\ATI.ACE\Core-Static;C:\Program Files (x86)\Common Files\lenovo\easyplussdk\bin;C:\Program Files\nodejs\;C:\Program Files\TortoiseSVN\bin;C:\Program Files\Microsoft SQL Server\Client SDK\ODBC\110\Tools\Binn\;C:\Program Files (x86)\Microsoft SQL Server\120\Tools\Binn\;C:\Program Files\Microsoft SQL Server\120\Tools\Binn\;C:\Program Files\Microsoft SQL Server\120\DTS\Binn\;C:\Program Files (x86)\Microsoft SQL Server\120\Tools\Binn\ManagementStudio\;C:\Program Files (x86)\Microsoft SQL Server\120\DTS\Binn\;C:\Program Files (x86)\Skype\Phone\;C:\Python27;C:\Users\DSTYO\AppData\Roaming\npm;C:\Program Files (x86)\Microsoft VS Code\bin;C:\Program Files\Java\jdk1.7.0_07\bin\javac.exe;C:\Python27\python.exe
USERNAME=DSTYO
OS=Windows_NT
PROCESSOR_IDENTIFIER=Intel64 Family 6 Model 42 Stepping 7, GenuineIntel



---------------  S Y S T E M  ---------------

OS: Windows 8 , 64 bit Build 9200 

CPU:total 8 (4 cores per cpu, 2 threads per core) family 6 model 42 stepping 7, cmov, cx8, fxsr, mmx, sse, sse2, sse3, ssse3, sse4.1, sse4.2, popcnt, avx, ht, tsc, tscinvbit

Memory: 4k page, physical 6254372k(263912k free), swap 13073568k(1524k free)

vm_info: Java HotSpot(TM) 64-Bit Server VM (23.3-b01) for windows-amd64 JRE (1.7.0_07-b10), built on Aug 28 2012 18:28:27 by "java_re" with unknown MS VC++:1600

time: Mon Jun 13 15:21:11 2016
elapsed time: 132 seconds

